processor node0028, rank 1 out of 8 processors
processor node0028, rank 2 out of 8 processors
processor node0028, rank 3 out of 8 processors
processor node0028, rank 5 out of 8 processors
processor node0028, rank 0 out of 8 processors
processor node0028, rank 4 out of 8 processors
processor node0028, rank 7 out of 8 processors
processor node0028, rank 6 out of 8 processors
process 6 reading file...
process 4 reading file...
process 2 reading file...
process 5 reading file...
process 1 reading file...
process 0 reading file...
process 3 reading file...
process 7 reading file...
process 0 reading file done
process 1 reading file done
process 2 reading file done
process 3 reading file done
process 7 reading file done
process 4 reading file done
process 6 reading file done
process 5 reading file done
process 3: measured results: 105.274375 seconds
process 1: measured results: 105.285670 seconds
process 0: measured results: 105.277665 seconds
process 2: measured results: 105.287442 seconds
process 4: measured results: 105.291041 seconds
process 5: measured results: 105.293875 seconds
process 6: measured results: 105.297685 seconds
process 7: measured results: 105.328022 seconds
process 5 writing file...
process 2 writing file...
process 4 writing file...
process 7 writing file...
process 3 writing file...
process 6 writing file...
process 1 writing file...
process 0 writing file...
